0 info it worked if it ends with ok
1 verbose cli [ 'C:\\Program Files\\nodejs\\node.exe',
1 verbose cli   'C:\\Program Files\\nodejs\\node_modules\\npm\\bin\\npm-cli.js',
1 verbose cli   'start' ]
2 info using npm@3.10.10
3 info using node@v6.10.3
4 verbose run-script [ 'prestart', 'start', 'poststart' ]
5 info lifecycle AVSDB@1.0.0~prestart: AVSDB@1.0.0
6 silly lifecycle AVSDB@1.0.0~prestart: no script for prestart, continuing
7 info lifecycle AVSDB@1.0.0~start: AVSDB@1.0.0
8 verbose lifecycle AVSDB@1.0.0~start: unsafe-perm in lifecycle true
9 verbose lifecycle AVSDB@1.0.0~start: PATH: C:\Program Files\nodejs\node_modules\npm\bin\node-gyp-bin;C:\MyData\Courses\GitRepos\MyCourses\Electron\Ex1\node_modules\.bin;C:\Program Files\Common Files\Microsoft Shared\Microsoft Online Services;C:\Program Files (x86)\Common Files\Microsoft Shared\Microsoft Online Services;C:\windows\system32;C:\windows;C:\windows\System32\Wbem;C:\windows\System32\WindowsPowerShell\v1.0\;C:\Program Files\docker;C:\Program Files\Microsoft SQL Server\Client SDK\ODBC\130\Tools\Binn\;C:\Program Files (x86)\Microsoft SQL Server\130\Tools\Binn\;C:\Program Files\Microsoft SQL Server\130\Tools\Binn\;C:\Program Files\Microsoft SQL Server\130\DTS\Binn\;C:\Program Files (x86)\Microsoft SQL Server\Client SDK\ODBC\130\Tools\Binn\;C:\Program Files (x86)\Microsoft SQL Server\140\Tools\Binn\;C:\Program Files (x86)\Microsoft SQL Server\140\DTS\Binn\;C:\Program Files (x86)\Microsoft SQL Server\140\Tools\Binn\ManagementStudio\;C:\Program Files\nodejs\;C:\Program Files\Amazon\AWSCLI\;C:\Program Files\Git\cmd;C:\Program Files (x86)\Skype\Phone\;C:\Program Files\MATLAB\R2017b\bin;%SystemRoot%\system32;%SystemRoot%;%SystemRoot%\System32\Wbem;%SYSTEMROOT%\System32\WindowsPowerShell\v1.0\;C:\Users\venknar\AppData\Local\Programs\Python\Python35\Scripts\;C:\Users\venknar\AppData\Local\Programs\Python\Python35\;C:\Users\venknar\AppData\Local\Microsoft\WindowsApps;C:\Users\venknar\AppData\Roaming\npm;C:\Program Files\Amazon\AWSCLI\awscli;C:\Program Files\Microsoft VS Code\bin;c:\SDPack;C:\Users\venknar\AppData\Local\Programs\Fiddler
10 verbose lifecycle AVSDB@1.0.0~start: CWD: C:\MyData\Courses\GitRepos\MyCourses\Electron\Ex1
11 silly lifecycle AVSDB@1.0.0~start: Args: [ '/d /s /c', 'electron .' ]
12 silly lifecycle AVSDB@1.0.0~start: Returned: code: 1  signal: null
13 info lifecycle AVSDB@1.0.0~start: Failed to exec start script
14 verbose stack Error: AVSDB@1.0.0 start: `electron .`
14 verbose stack Exit status 1
14 verbose stack     at EventEmitter.<anonymous> (C:\Program Files\nodejs\node_modules\npm\lib\utils\lifecycle.js:255:16)
14 verbose stack     at emitTwo (events.js:106:13)
14 verbose stack     at EventEmitter.emit (events.js:191:7)
14 verbose stack     at ChildProcess.<anonymous> (C:\Program Files\nodejs\node_modules\npm\lib\utils\spawn.js:40:14)
14 verbose stack     at emitTwo (events.js:106:13)
14 verbose stack     at ChildProcess.emit (events.js:191:7)
14 verbose stack     at maybeClose (internal/child_process.js:886:16)
14 verbose stack     at Process.ChildProcess._handle.onexit (internal/child_process.js:226:5)
15 verbose pkgid AVSDB@1.0.0
16 verbose cwd C:\MyData\Courses\GitRepos\MyCourses\Electron\Ex1\src
17 error Windows_NT 10.0.16299
18 error argv "C:\\Program Files\\nodejs\\node.exe" "C:\\Program Files\\nodejs\\node_modules\\npm\\bin\\npm-cli.js" "start"
19 error node v6.10.3
20 error npm  v3.10.10
21 error code ELIFECYCLE
22 error AVSDB@1.0.0 start: `electron .`
22 error Exit status 1
23 error Failed at the AVSDB@1.0.0 start script 'electron .'.
23 error Make sure you have the latest version of node.js and npm installed.
23 error If you do, this is most likely a problem with the AVSDB package,
23 error not with npm itself.
23 error Tell the author that this fails on your system:
23 error     electron .
23 error You can get information on how to open an issue for this project with:
23 error     npm bugs AVSDB
23 error Or if that isn't available, you can get their info via:
23 error     npm owner ls AVSDB
23 error There is likely additional logging output above.
24 verbose exit [ 1, true ]
